c:\users\rick\documents\docs\work\csc3222 - gaming simulations\bengit\nclgl\debug\nclgl.pdb
c:\users\rick\documents\docs\work\csc3222 - gaming simulations\bengit\nclgl\debug\nclgl.idb
c:\users\rick\documents\docs\work\csc3222 - gaming simulations\bengit\nclgl\debug\camera.obj
c:\users\rick\documents\docs\work\csc3222 - gaming simulations\bengit\nclgl\debug\cuberobot.obj
c:\users\rick\documents\docs\work\csc3222 - gaming simulations\bengit\nclgl\debug\frustum.obj
c:\users\rick\documents\docs\work\csc3222 - gaming simulations\bengit\nclgl\debug\gametimer.obj
c:\users\rick\documents\docs\work\csc3222 - gaming simulations\bengit\nclgl\debug\heightmap.obj
c:\users\rick\documents\docs\work\csc3222 - gaming simulations\bengit\nclgl\debug\keyboard.obj
c:\users\rick\documents\docs\work\csc3222 - gaming simulations\bengit\nclgl\debug\matrix4.obj
c:\users\rick\documents\docs\work\csc3222 - gaming simulations\bengit\nclgl\debug\md5anim.obj
c:\users\rick\documents\docs\work\csc3222 - gaming simulations\bengit\nclgl\debug\md5filedata.obj
c:\users\rick\documents\docs\work\csc3222 - gaming simulations\bengit\nclgl\debug\md5mesh.obj
c:\users\rick\documents\docs\work\csc3222 - gaming simulations\bengit\nclgl\debug\md5node.obj
c:\users\rick\documents\docs\work\csc3222 - gaming simulations\bengit\nclgl\debug\mesh.obj
c:\users\rick\documents\docs\work\csc3222 - gaming simulations\bengit\nclgl\debug\mouse.obj
c:\users\rick\documents\docs\work\csc3222 - gaming simulations\bengit\nclgl\debug\objmesh.obj
c:\users\rick\documents\docs\work\csc3222 - gaming simulations\bengit\nclgl\debug\oglrenderer.obj
c:\users\rick\documents\docs\work\csc3222 - gaming simulations\bengit\nclgl\debug\plane.obj
c:\users\rick\documents\docs\work\csc3222 - gaming simulations\bengit\nclgl\debug\quaternion.obj
c:\users\rick\documents\docs\work\csc3222 - gaming simulations\bengit\nclgl\debug\scenenode.obj
c:\users\rick\documents\docs\work\csc3222 - gaming simulations\bengit\nclgl\debug\shader.obj
c:\users\rick\documents\docs\work\csc3222 - gaming simulations\bengit\nclgl\debug\window.obj
c:\users\rick\documents\docs\work\csc3222 - gaming simulations\bengit\csc3222 coursework\debug\nclgl.lib
c:\users\rick\documents\docs\work\csc3222 - gaming simulations\bengit\csc3222 coursework\debug\nclgl.pdb
c:\users\rick\documents\docs\work\csc3222 - gaming simulations\bengit\nclgl\debug\nclgl.tlog\cl.command.1.tlog
c:\users\rick\documents\docs\work\csc3222 - gaming simulations\bengit\nclgl\debug\nclgl.tlog\cl.read.1.tlog
c:\users\rick\documents\docs\work\csc3222 - gaming simulations\bengit\nclgl\debug\nclgl.tlog\cl.write.1.tlog
c:\users\rick\documents\docs\work\csc3222 - gaming simulations\bengit\nclgl\debug\nclgl.tlog\lib-link.read.1.tlog
c:\users\rick\documents\docs\work\csc3222 - gaming simulations\bengit\nclgl\debug\nclgl.tlog\lib-link.write.1.tlog
c:\users\rick\documents\docs\work\csc3222 - gaming simulations\bengit\nclgl\debug\nclgl.tlog\lib.command.1.tlog
