  Window.cpp
  Shader.cpp
  SceneNode.cpp
  Quaternion.cpp
  Plane.cpp
  OGLRenderer.cpp
  OBJMesh.cpp
  Mouse.cpp
  Mesh.cpp
  MD5Node.cpp
  MD5Mesh.cpp
  MD5FileData.cpp
  MD5Anim.cpp
  Matrix4.cpp
  Keyboard.cpp
  HeightMap.cpp
c:\users\rick\documents\docs\work\csc3222 - gaming simulations\bengit\csc3222 - gaming simulations\csc3222 - gaming simulations\csc3222 coursework\nclgl\heightmap.cpp(8): warning C4244: '=': conversion from 'float' to 'GLuint', possible loss of data
c:\users\rick\documents\docs\work\csc3222 - gaming simulations\bengit\csc3222 - gaming simulations\csc3222 - gaming simulations\csc3222 coursework\nclgl\heightmap.cpp(9): warning C4244: '=': conversion from 'float' to 'GLuint', possible loss of data
c:\users\rick\documents\docs\work\csc3222 - gaming simulations\bengit\csc3222 - gaming simulations\csc3222 - gaming simulations\csc3222 coursework\nclgl\heightmap.cpp(19): warning C4244: 'initializing': conversion from 'float' to 'int', possible loss of data
c:\users\rick\documents\docs\work\csc3222 - gaming simulations\bengit\csc3222 - gaming simulations\csc3222 - gaming simulations\csc3222 coursework\nclgl\heightmap.cpp(31): warning C4244: 'initializing': conversion from 'float' to 'int', possible loss of data
c:\users\rick\documents\docs\work\csc3222 - gaming simulations\bengit\csc3222 - gaming simulations\csc3222 - gaming simulations\csc3222 coursework\nclgl\heightmap.cpp(32): warning C4244: 'initializing': conversion from 'float' to 'int', possible loss of data
c:\users\rick\documents\docs\work\csc3222 - gaming simulations\bengit\csc3222 - gaming simulations\csc3222 - gaming simulations\csc3222 coursework\nclgl\heightmap.cpp(33): warning C4244: 'initializing': conversion from 'float' to 'int', possible loss of data
c:\users\rick\documents\docs\work\csc3222 - gaming simulations\bengit\csc3222 - gaming simulations\csc3222 - gaming simulations\csc3222 coursework\nclgl\heightmap.cpp(34): warning C4244: 'initializing': conversion from 'float' to 'int', possible loss of data
  GameTimer.cpp
  Frustum.cpp
  CubeRobot.cpp
  Camera.cpp
  Generating Code...
  nclgl.vcxproj -> C:\Users\Rick\Documents\Docs\Work\CSC3222 - Gaming Simulations\BenGit\CSC3222 - Gaming Simulations\CSC3222 - Gaming Simulations\CSC3222 Coursework\CSC3222 Coursework\Debug\nclgl.lib
