h:\csc3222 - gaming simulations\csc3222 - gaming simulations\csc3222 coursework\nclgl\debug\nclgl.pdb
h:\csc3222 - gaming simulations\csc3222 - gaming simulations\csc3222 coursework\nclgl\debug\nclgl.idb
h:\csc3222 - gaming simulations\csc3222 - gaming simulations\csc3222 coursework\nclgl\debug\camera.obj
h:\csc3222 - gaming simulations\csc3222 - gaming simulations\csc3222 coursework\nclgl\debug\cuberobot.obj
h:\csc3222 - gaming simulations\csc3222 - gaming simulations\csc3222 coursework\nclgl\debug\frustum.obj
h:\csc3222 - gaming simulations\csc3222 - gaming simulations\csc3222 coursework\nclgl\debug\gametimer.obj
h:\csc3222 - gaming simulations\csc3222 - gaming simulations\csc3222 coursework\nclgl\debug\heightmap.obj
h:\csc3222 - gaming simulations\csc3222 - gaming simulations\csc3222 coursework\nclgl\debug\keyboard.obj
h:\csc3222 - gaming simulations\csc3222 - gaming simulations\csc3222 coursework\nclgl\debug\matrix4.obj
h:\csc3222 - gaming simulations\csc3222 - gaming simulations\csc3222 coursework\nclgl\debug\md5anim.obj
h:\csc3222 - gaming simulations\csc3222 - gaming simulations\csc3222 coursework\nclgl\debug\md5filedata.obj
h:\csc3222 - gaming simulations\csc3222 - gaming simulations\csc3222 coursework\nclgl\debug\md5mesh.obj
h:\csc3222 - gaming simulations\csc3222 - gaming simulations\csc3222 coursework\nclgl\debug\md5node.obj
h:\csc3222 - gaming simulations\csc3222 - gaming simulations\csc3222 coursework\nclgl\debug\mesh.obj
h:\csc3222 - gaming simulations\csc3222 - gaming simulations\csc3222 coursework\nclgl\debug\mouse.obj
h:\csc3222 - gaming simulations\csc3222 - gaming simulations\csc3222 coursework\nclgl\debug\objmesh.obj
h:\csc3222 - gaming simulations\csc3222 - gaming simulations\csc3222 coursework\nclgl\debug\oglrenderer.obj
h:\csc3222 - gaming simulations\csc3222 - gaming simulations\csc3222 coursework\nclgl\debug\plane.obj
h:\csc3222 - gaming simulations\csc3222 - gaming simulations\csc3222 coursework\nclgl\debug\quaternion.obj
h:\csc3222 - gaming simulations\csc3222 - gaming simulations\csc3222 coursework\nclgl\debug\scenenode.obj
h:\csc3222 - gaming simulations\csc3222 - gaming simulations\csc3222 coursework\nclgl\debug\shader.obj
h:\csc3222 - gaming simulations\csc3222 - gaming simulations\csc3222 coursework\nclgl\debug\window.obj
h:\csc3222 - gaming simulations\csc3222 - gaming simulations\csc3222 coursework\csc3222 coursework\debug\nclgl.lib
h:\csc3222 - gaming simulations\csc3222 - gaming simulations\csc3222 coursework\csc3222 coursework\debug\nclgl.pdb
h:\csc3222 - gaming simulations\csc3222 - gaming simulations\csc3222 coursework\nclgl\debug\nclgl.tlog\cl.command.1.tlog
h:\csc3222 - gaming simulations\csc3222 - gaming simulations\csc3222 coursework\nclgl\debug\nclgl.tlog\cl.read.1.tlog
h:\csc3222 - gaming simulations\csc3222 - gaming simulations\csc3222 coursework\nclgl\debug\nclgl.tlog\cl.write.1.tlog
h:\csc3222 - gaming simulations\csc3222 - gaming simulations\csc3222 coursework\nclgl\debug\nclgl.tlog\lib-link.read.1.tlog
h:\csc3222 - gaming simulations\csc3222 - gaming simulations\csc3222 coursework\nclgl\debug\nclgl.tlog\lib-link.write.1.tlog
h:\csc3222 - gaming simulations\csc3222 - gaming simulations\csc3222 coursework\nclgl\debug\nclgl.tlog\lib.command.1.tlog
