h:\csc3222 - gaming simulations\csc3222 - gaming simulations\csc3222 coursework\csc3222 coursework\csc3222 coursework example\debug\vc141.pdb
h:\csc3222 - gaming simulations\csc3222 - gaming simulations\csc3222 coursework\csc3222 coursework\csc3222 coursework example\debug\vc141.idb
h:\csc3222 - gaming simulations\csc3222 - gaming simulations\csc3222 coursework\csc3222 coursework\csc3222 coursework example\debug\dragon.obj
h:\csc3222 - gaming simulations\csc3222 - gaming simulations\csc3222 coursework\csc3222 coursework\csc3222 coursework example\debug\entity.obj
h:\csc3222 - gaming simulations\csc3222 - gaming simulations\csc3222 coursework\csc3222 coursework\csc3222 coursework example\debug\follower.obj
h:\csc3222 - gaming simulations\csc3222 - gaming simulations\csc3222 coursework\csc3222 coursework\csc3222 coursework example\debug\leader.obj
h:\csc3222 - gaming simulations\csc3222 - gaming simulations\csc3222 coursework\csc3222 coursework\csc3222 coursework example\debug\main.obj
h:\csc3222 - gaming simulations\csc3222 - gaming simulations\csc3222 coursework\csc3222 coursework\csc3222 coursework example\debug\physics.obj
h:\csc3222 - gaming simulations\csc3222 - gaming simulations\csc3222 coursework\csc3222 coursework\csc3222 coursework example\debug\physicsnode.obj
h:\csc3222 - gaming simulations\csc3222 - gaming simulations\csc3222 coursework\csc3222 coursework\csc3222 coursework example\debug\raider.obj
h:\csc3222 - gaming simulations\csc3222 - gaming simulations\csc3222 coursework\csc3222 coursework\csc3222 coursework example\debug\renderer.obj
h:\csc3222 - gaming simulations\csc3222 - gaming simulations\csc3222 coursework\csc3222 coursework\debug\csc3222 coursework framework.ilk
h:\csc3222 - gaming simulations\csc3222 - gaming simulations\csc3222 coursework\csc3222 coursework\debug\csc3222 coursework framework.exe
h:\csc3222 - gaming simulations\csc3222 - gaming simulations\csc3222 coursework\csc3222 coursework\debug\csc3222 coursework framework.pdb
c:\users\rick\documents\docs\work\csc3222 - gaming simulations\bengit\csc3222 - gaming simulations\csc3222 - gaming simulations\csc3222 coursework\csc3222 coursework\csc3222 coursework example\debug\dragon.obj
c:\users\rick\documents\docs\work\csc3222 - gaming simulations\bengit\csc3222 - gaming simulations\csc3222 - gaming simulations\csc3222 coursework\csc3222 coursework\csc3222 coursework example\debug\entity.obj
c:\users\rick\documents\docs\work\csc3222 - gaming simulations\bengit\csc3222 - gaming simulations\csc3222 - gaming simulations\csc3222 coursework\csc3222 coursework\csc3222 coursework example\debug\follower.obj
c:\users\rick\documents\docs\work\csc3222 - gaming simulations\bengit\csc3222 - gaming simulations\csc3222 - gaming simulations\csc3222 coursework\csc3222 coursework\csc3222 coursework example\debug\leader.obj
c:\users\rick\documents\docs\work\csc3222 - gaming simulations\bengit\csc3222 - gaming simulations\csc3222 - gaming simulations\csc3222 coursework\csc3222 coursework\csc3222 coursework example\debug\main.obj
c:\users\rick\documents\docs\work\csc3222 - gaming simulations\bengit\csc3222 - gaming simulations\csc3222 - gaming simulations\csc3222 coursework\csc3222 coursework\csc3222 coursework example\debug\physics.obj
c:\users\rick\documents\docs\work\csc3222 - gaming simulations\bengit\csc3222 - gaming simulations\csc3222 - gaming simulations\csc3222 coursework\csc3222 coursework\csc3222 coursework example\debug\physicsnode.obj
c:\users\rick\documents\docs\work\csc3222 - gaming simulations\bengit\csc3222 - gaming simulations\csc3222 - gaming simulations\csc3222 coursework\csc3222 coursework\csc3222 coursework example\debug\raider.obj
c:\users\rick\documents\docs\work\csc3222 - gaming simulations\bengit\csc3222 - gaming simulations\csc3222 - gaming simulations\csc3222 coursework\csc3222 coursework\csc3222 coursework example\debug\renderer.obj
c:\users\rick\documents\docs\work\csc3222 - gaming simulations\bengit\csc3222 - gaming simulations\csc3222 - gaming simulations\csc3222 coursework\csc3222 coursework\csc3222 coursework example\debug\physics.obj.enc
c:\users\rick\documents\docs\work\csc3222 - gaming simulations\bengit\csc3222 - gaming simulations\csc3222 - gaming simulations\csc3222 coursework\csc3222 coursework\csc3222 coursework example\debug\raider.obj.enc
c:\users\rick\documents\docs\work\csc3222 - gaming simulations\bengit\csc3222 - gaming simulations\csc3222 - gaming simulations\csc3222 coursework\csc3222 coursework\csc3222 coursework example\debug\vc141.idb
c:\users\rick\documents\docs\work\csc3222 - gaming simulations\bengit\csc3222 - gaming simulations\csc3222 - gaming simulations\csc3222 coursework\csc3222 coursework\csc3222 coursework example\debug\vc141.pdb
c:\users\rick\documents\docs\work\csc3222 - gaming simulations\bengit\csc3222 - gaming simulations\csc3222 - gaming simulations\csc3222 coursework\csc3222 coursework\debug\csc3222 coursework framework.pdb
c:\users\rick\documents\docs\work\csc3222 - gaming simulations\bengit\csc3222 - gaming simulations\csc3222 - gaming simulations\csc3222 coursework\csc3222 coursework\debug\csc3222 coursework framework.exe
c:\users\rick\documents\docs\work\csc3222 - gaming simulations\bengit\csc3222 - gaming simulations\csc3222 - gaming simulations\csc3222 coursework\csc3222 coursework\debug\csc3222 coursework framework.ilk
c:\users\rick\documents\docs\work\csc3222 - gaming simulations\bengit\csc3222 - gaming simulations\csc3222 - gaming simulations\csc3222 coursework\csc3222 coursework\csc3222 coursework example\debug\csc3222 .6b977c1c.tlog\cl.command.1.tlog
c:\users\rick\documents\docs\work\csc3222 - gaming simulations\bengit\csc3222 - gaming simulations\csc3222 - gaming simulations\csc3222 coursework\csc3222 coursework\csc3222 coursework example\debug\csc3222 .6b977c1c.tlog\cl.read.1.tlog
c:\users\rick\documents\docs\work\csc3222 - gaming simulations\bengit\csc3222 - gaming simulations\csc3222 - gaming simulations\csc3222 coursework\csc3222 coursework\csc3222 coursework example\debug\csc3222 .6b977c1c.tlog\cl.write.1.tlog
c:\users\rick\documents\docs\work\csc3222 - gaming simulations\bengit\csc3222 - gaming simulations\csc3222 - gaming simulations\csc3222 coursework\csc3222 coursework\csc3222 coursework example\debug\csc3222 .6b977c1c.tlog\link.command.1.tlog
c:\users\rick\documents\docs\work\csc3222 - gaming simulations\bengit\csc3222 - gaming simulations\csc3222 - gaming simulations\csc3222 coursework\csc3222 coursework\csc3222 coursework example\debug\csc3222 .6b977c1c.tlog\link.read.1.tlog
c:\users\rick\documents\docs\work\csc3222 - gaming simulations\bengit\csc3222 - gaming simulations\csc3222 - gaming simulations\csc3222 coursework\csc3222 coursework\csc3222 coursework example\debug\csc3222 .6b977c1c.tlog\link.write.1.tlog
